2026-04-11T17:48:30.2957840Z Current runner version: '2.333.1'
2026-04-11T17:48:30.2980620Z ##[group]Runner Image Provisioner
2026-04-11T17:48:30.2981260Z Hosted Compute Agent
2026-04-11T17:48:30.2981610Z Version: 20260213.493
2026-04-11T17:48:30.2982000Z Commit: 5c115507f6dd24b8de37d8bbe0bb4509d0cc0fa3
2026-04-11T17:48:30.2982440Z Build Date: 2026-02-13T00:28:41Z
2026-04-11T17:48:30.2982850Z Worker ID: {649a8b61-1a2b-43cc-821a-28c30748bdf8}
2026-04-11T17:48:30.2983290Z Azure Region: westus
2026-04-11T17:48:30.2983640Z ##[endgroup]
2026-04-11T17:48:30.2984710Z ##[group]Operating System
2026-04-11T17:48:30.2985080Z macOS
2026-04-11T17:48:30.2985350Z 26.3
2026-04-11T17:48:30.2985630Z 25D125
2026-04-11T17:48:30.2985910Z ##[endgroup]
2026-04-11T17:48:30.2986210Z ##[group]Runner Image
2026-04-11T17:48:30.2986550Z Image: macos-26-arm64
2026-04-11T17:48:30.2986870Z Version: 20260408.0337.1
2026-04-11T17:48:30.2987670Z Included Software: https://github.com/actions/runner-images/blob/macos-26-arm64/20260408.0337/images/macos/macos-26-arm64-Readme.md
2026-04-11T17:48:30.2990320Z Image Release: https://github.com/actions/runner-images/releases/tag/macos-26-arm64%2F20260408.0337
2026-04-11T17:48:30.2991000Z ##[endgroup]
2026-04-11T17:48:30.2991690Z ##[group]GITHUB_TOKEN Permissions
2026-04-11T17:48:30.2993180Z Contents: read
2026-04-11T17:48:30.2993490Z Metadata: read
2026-04-11T17:48:30.2993900Z ##[endgroup]
2026-04-11T17:48:30.2995570Z Secret source: Actions
2026-04-11T17:48:30.2995980Z Prepare workflow directory
2026-04-11T17:48:30.3261000Z Prepare all required actions
2026-04-11T17:48:30.3306750Z Getting action download info
2026-04-11T17:48:30.8442900Z Download action repository 'maxim-lobanov/setup-xcode@v1' (SHA:ed7a3b1fda3918c0306d1b724322adc0b8cc0a90)
2026-04-11T17:48:31.6358410Z Download action repository 'actions/checkout@v4' (SHA:34e114876b0b11c390a56381ad16ebd13914f8d5)
2026-04-11T17:48:31.8151350Z Download action repository 'oven-sh/setup-bun@v2' (SHA:0c5077e51419868618aeaa5fe8019c62421857d6)
2026-04-11T17:48:32.6763980Z Download action repository 'actions/cache@v4' (SHA:0057852bfaa89a56745cba8c7296529d2fc39830)
2026-04-11T17:48:32.7806710Z Download action repository 'actions/upload-pages-artifact@v3' (SHA:56afc609e74202658d3ffba0e8f6dda462b719fa)
2026-04-11T17:48:33.4240970Z Getting action download info
2026-04-11T17:48:33.5941990Z Download action repository 'actions/upload-artifact@v4' (SHA:ea165f8d65b6e75b540449e92b4886f43607fa02)
2026-04-11T17:48:33.8451340Z Complete job name: Build WebExample
2026-04-11T17:48:33.8953990Z ##[group]Run maxim-lobanov/setup-xcode@v1
2026-04-11T17:48:33.8955850Z with:
2026-04-11T17:48:33.8956070Z   xcode-version: 26.4
2026-04-11T17:48:33.8956480Z ##[endgroup]
2026-04-11T17:48:34.3187860Z Switching Xcode to version '26.4'...
2026-04-11T17:48:34.4035410Z Xcode is set to 26.4.0 (17E192)
2026-04-11T17:48:34.4317620Z ##[group]Run actions/checkout@v4
2026-04-11T17:48:34.4317960Z with:
2026-04-11T17:48:34.4318190Z   repository: GoodHatsLLC/swift-terminal-ui
2026-04-11T17:48:34.4318900Z   token: ***
2026-04-11T17:48:34.4319290Z   ssh-strict: true
2026-04-11T17:48:34.4319500Z   ssh-user: git
2026-04-11T17:48:34.4319700Z   persist-credentials: true
2026-04-11T17:48:34.4319920Z   clean: true
2026-04-11T17:48:34.4320130Z   sparse-checkout-cone-mode: true
2026-04-11T17:48:34.4320380Z   fetch-depth: 1
2026-04-11T17:48:34.4320600Z   fetch-tags: false
2026-04-11T17:48:34.4320790Z   show-progress: true
2026-04-11T17:48:34.4321010Z   lfs: false
2026-04-11T17:48:34.4321190Z   submodules: false
2026-04-11T17:48:34.4321400Z   set-safe-directory: true
2026-04-11T17:48:34.4321610Z env:
2026-04-11T17:48:34.4321840Z   MD_APPLE_SDK_ROOT: /Applications/Xcode_26.4.app
2026-04-11T17:48:34.4322120Z ##[endgroup]
2026-04-11T17:48:34.8644200Z Syncing repository: GoodHatsLLC/swift-terminal-ui
2026-04-11T17:48:34.8646590Z ##[group]Getting Git version info
2026-04-11T17:48:34.8647380Z Working directory is '/Users/runner/work/swift-terminal-ui/swift-terminal-ui'
2026-04-11T17:48:34.8959560Z [command]/opt/homebrew/bin/git version
2026-04-11T17:48:34.9336040Z git version 2.53.0
2026-04-11T17:48:34.9372670Z ##[endgroup]
2026-04-11T17:48:34.9381050Z Copying '/Users/runner/.gitconfig' to '/Users/runner/work/_temp/2d58c879-2fbe-40e7-b83c-38524296ea6c/.gitconfig'
2026-04-11T17:48:34.9395290Z Temporarily overriding HOME='/Users/runner/work/_temp/2d58c879-2fbe-40e7-b83c-38524296ea6c' before making global git config changes
2026-04-11T17:48:34.9396370Z Adding repository directory to the temporary git global config as a safe directory
2026-04-11T17:48:34.9405360Z [command]/opt/homebrew/bin/git config --global --add safe.directory /Users/runner/work/swift-terminal-ui/swift-terminal-ui
2026-04-11T17:48:34.9520180Z Deleting the contents of '/Users/runner/work/swift-terminal-ui/swift-terminal-ui'
2026-04-11T17:48:34.9523170Z ##[group]Initializing the repository
2026-04-11T17:48:34.9527120Z [command]/opt/homebrew/bin/git init /Users/runner/work/swift-terminal-ui/swift-terminal-ui
2026-04-11T17:48:34.9772430Z hint: Using 'master' as the name for the initial branch. This default branch name
2026-04-11T17:48:34.9773070Z hint: will change to "main" in Git 3.0. To configure the initial branch name
2026-04-11T17:48:34.9773540Z hint: to use in all of your new repositories, which will suppress this warning,
2026-04-11T17:48:34.9775360Z hint: call:
2026-04-11T17:48:34.9776080Z hint:
2026-04-11T17:48:34.9776870Z hint: 	git config --global init.defaultBranch <name>
2026-04-11T17:48:34.9777770Z hint:
2026-04-11T17:48:34.9778560Z hint: Names commonly chosen instead of 'master' are 'main', 'trunk' and
2026-04-11T17:48:34.9779770Z hint: 'development'. The just-created branch can be renamed via this command:
2026-04-11T17:48:34.9780730Z hint:
2026-04-11T17:48:34.9781270Z hint: 	git branch -m <name>
2026-04-11T17:48:34.9781910Z hint:
2026-04-11T17:48:34.9782780Z hint: Disable this message with "git config set advice.defaultBranchName false"
2026-04-11T17:48:34.9784630Z Initialized empty Git repository in /Users/runner/work/swift-terminal-ui/swift-terminal-ui/.git/
2026-04-11T17:48:34.9787450Z [command]/opt/homebrew/bin/git remote add origin https://github.com/GoodHatsLLC/swift-terminal-ui
2026-04-11T17:48:34.9876210Z ##[endgroup]
2026-04-11T17:48:34.9876700Z ##[group]Disabling automatic garbage collection
2026-04-11T17:48:34.9879000Z [command]/opt/homebrew/bin/git config --local gc.auto 0
2026-04-11T17:48:34.9954330Z ##[endgroup]
2026-04-11T17:48:34.9955320Z ##[group]Setting up auth
2026-04-11T17:48:34.9957130Z [command]/opt/homebrew/bin/git config --local --name-only --get-regexp core\.sshCommand
2026-04-11T17:48:35.0031010Z [command]/opt/homebrew/bin/git submodule foreach --recursive sh -c "git config --local --name-only --get-regexp 'core\.sshCommand' && git config --local --unset-all 'core.sshCommand' || :"
2026-04-11T17:48:35.1418660Z [command]/opt/homebrew/bin/git config --local --name-only --get-regexp http\.https\:\/\/github\.com\/\.extraheader
2026-04-11T17:48:35.1500860Z [command]/opt/homebrew/bin/git submodule foreach --recursive sh -c "git config --local --name-only --get-regexp 'http\.https\:\/\/github\.com\/\.extraheader' && git config --local --unset-all 'http.https://github.com/.extraheader' || :"
2026-04-11T17:48:35.2394510Z [command]/opt/homebrew/bin/git config --local --name-only --get-regexp ^includeIf\.gitdir:
2026-04-11T17:48:35.2465660Z [command]/opt/homebrew/bin/git submodule foreach --recursive git config --local --show-origin --name-only --get-regexp remote.origin.url
2026-04-11T17:48:35.3414120Z [command]/opt/homebrew/bin/git config --local http.https://github.com/.extraheader AUTHORIZATION: basic ***
2026-04-11T17:48:35.3491560Z ##[endgroup]
2026-04-11T17:48:35.3492020Z ##[group]Fetching the repository
2026-04-11T17:48:35.3498290Z [command]/opt/homebrew/bin/git -c protocol.version=2 fetch --no-tags --prune --no-recurse-submodules --depth=1 origin +12a0fd264750ac11580df84d76bfccf49265cc12:refs/remotes/origin/main
2026-04-11T17:48:36.3448430Z From https://github.com/GoodHatsLLC/swift-terminal-ui
2026-04-11T17:48:36.3449530Z  * [new ref]         12a0fd264750ac11580df84d76bfccf49265cc12 -> origin/main
2026-04-11T17:48:36.3569850Z ##[endgroup]
2026-04-11T17:48:36.3570230Z ##[group]Determining the checkout info
2026-04-11T17:48:36.3570840Z ##[endgroup]
2026-04-11T17:48:36.3575230Z [command]/opt/homebrew/bin/git sparse-checkout disable
2026-04-11T17:48:36.3664680Z [command]/opt/homebrew/bin/git config --local --unset-all extensions.worktreeConfig
2026-04-11T17:48:36.3738990Z ##[group]Checking out the ref
2026-04-11T17:48:36.3746080Z [command]/opt/homebrew/bin/git checkout --progress --force -B main refs/remotes/origin/main
2026-04-11T17:48:36.5810750Z Switched to a new branch 'main'
2026-04-11T17:48:36.5911340Z branch 'main' set up to track 'origin/main'.
2026-04-11T17:48:36.6142890Z ##[endgroup]
2026-04-11T17:48:36.6429320Z [command]/opt/homebrew/bin/git log -1 --format=%H
2026-04-11T17:48:36.6531000Z 12a0fd264750ac11580df84d76bfccf49265cc12
2026-04-11T17:48:36.6855550Z ##[group]Run oven-sh/setup-bun@v2
2026-04-11T17:48:36.6855820Z with:
2026-04-11T17:48:36.6855950Z   bun-version: latest
2026-04-11T17:48:36.6856120Z   no-cache: false
2026-04-11T17:48:36.6856500Z   token: ***
2026-04-11T17:48:36.6856640Z env:
2026-04-11T17:48:36.6856800Z   MD_APPLE_SDK_ROOT: /Applications/Xcode_26.4.app
2026-04-11T17:48:36.6857030Z ##[endgroup]
2026-04-11T17:48:37.1850780Z Downloading a new version of Bun: https://github.com/oven-sh/bun/releases/download/bun-v1.3.12/bun-darwin-aarch64.zip
2026-04-11T17:48:37.6612590Z [command]/usr/bin/unzip -o -q /Users/runner/work/_temp/8ed70d18-7e27-4eda-a587-442bcabb8fd3.zip
2026-04-11T17:48:38.3022310Z [command]/Users/runner/.bun/bin/bun --revision
2026-04-11T17:48:38.3276010Z 1.3.12+700fc117a
2026-04-11T17:48:38.3501110Z ##[group]Run actions/cache@v4
2026-04-11T17:48:38.3501400Z with:
2026-04-11T17:48:38.3501590Z   path: ~/.local/share/swiftly
~/.swiftly

2026-04-11T17:48:38.3501870Z   key: macOS-swiftly-6.3.0-v1
2026-04-11T17:48:38.3502130Z   enableCrossOsArchive: false
2026-04-11T17:48:38.3502340Z   fail-on-cache-miss: false
2026-04-11T17:48:38.3502510Z   lookup-only: false
2026-04-11T17:48:38.3502810Z   save-always: false
2026-04-11T17:48:38.3503010Z env:
2026-04-11T17:48:38.3503200Z   MD_APPLE_SDK_ROOT: /Applications/Xcode_26.4.app
2026-04-11T17:48:38.3503490Z ##[endgroup]
2026-04-11T17:48:38.8488640Z Cache not found for input keys: macOS-swiftly-6.3.0-v1
2026-04-11T17:48:38.9635120Z ##[group]Run actions/cache@v4
2026-04-11T17:48:38.9635480Z with:
2026-04-11T17:48:38.9635650Z   path: ~/.cache/org.swift.swiftpm
~/.swiftpm

2026-04-11T17:48:38.9636070Z   key: macOS-swiftpm-webexample-d9525b7ff5ffa4dd42309838322a0dbaf71e9b3bf04080e703c7503e61152b98
2026-04-11T17:48:38.9636480Z   restore-keys: macOS-swiftpm-webexample-

2026-04-11T17:48:38.9636730Z   enableCrossOsArchive: false
2026-04-11T17:48:38.9636910Z   fail-on-cache-miss: false
2026-04-11T17:48:38.9637080Z   lookup-only: false
2026-04-11T17:48:38.9637280Z   save-always: false
2026-04-11T17:48:38.9637420Z env:
2026-04-11T17:48:38.9637600Z   MD_APPLE_SDK_ROOT: /Applications/Xcode_26.4.app
2026-04-11T17:48:38.9637920Z ##[endgroup]
2026-04-11T17:48:39.4290360Z Cache not found for input keys: macOS-swiftpm-webexample-d9525b7ff5ffa4dd42309838322a0dbaf71e9b3bf04080e703c7503e61152b98, macOS-swiftpm-webexample-
2026-04-11T17:48:39.5339090Z ##[group]Run actions/cache@v4
2026-04-11T17:48:39.5339360Z with:
2026-04-11T17:48:39.5339660Z   path: ~/.bun/install/cache
node_modules
GUI/WebTUIGUI/node_modules
Examples/WebExample/node_modules

2026-04-11T17:48:39.5340190Z   key: macOS-bun-webexample-ca85376d42474a815866f54a589664ea210d6a988bad72920d3a57d9be0df66b
2026-04-11T17:48:39.5340580Z   restore-keys: macOS-bun-webexample-

2026-04-11T17:48:39.5340800Z   enableCrossOsArchive: false
2026-04-11T17:48:39.5340980Z   fail-on-cache-miss: false
2026-04-11T17:48:39.5341210Z   lookup-only: false
2026-04-11T17:48:39.5341380Z   save-always: false
2026-04-11T17:48:39.5341520Z env:
2026-04-11T17:48:39.5341680Z   MD_APPLE_SDK_ROOT: /Applications/Xcode_26.4.app
2026-04-11T17:48:39.5341890Z ##[endgroup]
2026-04-11T17:48:40.0457370Z Cache not found for input keys: macOS-bun-webexample-ca85376d42474a815866f54a589664ea210d6a988bad72920d3a57d9be0df66b, macOS-bun-webexample-
2026-04-11T17:48:40.0585820Z ##[group]Run set -euo pipefail
2026-04-11T17:48:40.0586770Z [36;1mset -euo pipefail[0m
2026-04-11T17:48:40.0588050Z [36;1mif ! command -v swiftly >/dev/null 2>&1 && [ ! -x "$HOME/.swiftly/bin/swiftly" ]; then[0m
2026-04-11T17:48:40.0589270Z [36;1m      curl -O https://download.swift.org/swiftly/darwin/swiftly.pkg && \[0m
2026-04-11T17:48:40.0590350Z [36;1m      installer -pkg swiftly.pkg -target CurrentUserHomeDirectory && \[0m
2026-04-11T17:48:40.0591850Z [36;1m      ~/.swiftly/bin/swiftly init --quiet-shell-followup[0m
2026-04-11T17:48:40.0592690Z [36;1m      . "${SWIFTLY_HOME_DIR:-$HOME/.swiftly}/env.sh" && \[0m
2026-04-11T17:48:40.0593540Z [36;1m      hash -r[0m
2026-04-11T17:48:40.0593950Z [36;1mfi[0m
2026-04-11T17:48:40.0594470Z [36;1m[0m
2026-04-11T17:48:40.0594910Z [36;1mif ! swiftly list | grep -q "6.3.0"; then[0m
2026-04-11T17:48:40.0596340Z [36;1m  swiftly install 6.3.0[0m
2026-04-11T17:48:40.0596710Z [36;1mfi[0m
2026-04-11T17:48:40.0596920Z [36;1mswiftly use 6.3.0[0m
2026-04-11T17:48:40.0597120Z [36;1mswiftly run swift --version[0m
2026-04-11T17:48:40.0657620Z shell: /bin/bash --noprofile --norc -e -o pipefail {0}
2026-04-11T17:48:40.0657890Z env:
2026-04-11T17:48:40.0658110Z   MD_APPLE_SDK_ROOT: /Applications/Xcode_26.4.app
2026-04-11T17:48:40.0658340Z ##[endgroup]
2026-04-11T17:48:40.1312290Z   % Total    % Received % Xferd  Average Speed   Time    Time     Time  Current
2026-04-11T17:48:40.1313350Z                                  Dload  Upload   Total   Spent    Left  Speed
2026-04-11T17:48:40.1313940Z 
2026-04-11T17:48:40.2423830Z   0     0    0     0    0     0      0      0 --:--:-- --:--:-- --:--:--     0
2026-04-11T17:48:40.2453460Z  97 9922k   97 9647k    0     0  84.6M      0 --:--:-- --:--:-- --:--:-- 84.1M
2026-04-11T17:48:40.2457490Z 100 9922k  100 9922k    0     0  84.7M      0 --:--:-- --:--:-- --:--:-- 84.2M
2026-04-11T17:48:42.2677160Z installer: Package name is 
2026-04-11T17:48:42.2678330Z installer: Installing at base path /Users/runner
2026-04-11T17:48:42.2678780Z installer: The install was successful.
2026-04-11T17:48:46.9603750Z Welcome to swiftly, the Swift toolchain manager for Linux and macOS!
2026-04-11T17:48:46.9604300Z 
2026-04-11T17:48:46.9604490Z Please read the following information carefully before proceeding with the
2026-04-11T17:48:46.9604770Z installation. If you
2026-04-11T17:48:46.9605020Z wish to customize the steps performed during the installation process, refer to
2026-04-11T17:48:46.9605330Z 'swiftly init -h'
2026-04-11T17:48:46.9605470Z for configuration options.
2026-04-11T17:48:46.9605580Z 
2026-04-11T17:48:46.9605670Z Swiftly installs files into the following locations:
2026-04-11T17:48:46.9605840Z 
2026-04-11T17:48:46.9605950Z /Users/runner/.swiftly - Directory for configuration files
2026-04-11T17:48:46.9606270Z /Users/runner/.swiftly/bin - Links to the binaries of the active toolchain
2026-04-11T17:48:46.9606690Z /Users/runner/Library/Developer/Toolchains - Directory hosting installed
2026-04-11T17:48:46.9607020Z toolchains
2026-04-11T17:48:46.9607090Z 
2026-04-11T17:48:46.9608270Z These locations can be changed by setting the environment variables
2026-04-11T17:48:46.9608640Z SWIFTLY_HOME_DIR, SWIFTLY_BIN_DIR, and SWIFTLY_TOOLCHAINS_DIR before running
2026-04-11T17:48:46.9608910Z 'swiftly init' again.
2026-04-11T17:48:46.9609010Z 
2026-04-11T17:48:46.9609150Z Once swiftly is set up, it will install the latest available Swift toolchain.
2026-04-11T17:48:46.9609460Z This can be
2026-04-11T17:48:46.9609660Z suppressed with the '--skip-install' option.
2026-04-11T17:48:46.9609860Z 
2026-04-11T17:48:46.9610030Z For your convenience, swiftly will also attempt to modify your shell's profile
2026-04-11T17:48:46.9610350Z file to make
2026-04-11T17:48:46.9610610Z installed items available in your environment upon login. This can be suppressed
2026-04-11T17:48:46.9610910Z with the
2026-04-11T17:48:46.9617880Z '--no-modify-profile' option.
2026-04-11T17:48:46.9618020Z 
2026-04-11T17:48:46.9618510Z Proceed? (Y/n): 
2026-04-11T17:48:46.9618620Z 
2026-04-11T17:48:46.9618700Z Creating shell environment file for the user...
2026-04-11T17:48:46.9618920Z Updating profile...
2026-04-11T17:48:46.9619100Z Fetching the latest stable Swift release...
2026-04-11T17:48:46.9619320Z Installing Swift 6.3.0
2026-04-11T17:48:46.9619480Z Downloading Swift 6.3.0
2026-04-11T17:48:46.9619670Z 1%: Downloaded 23.0 MiB of 1433.3 MiB
2026-04-11T17:48:47.1959730Z 3%: Downloaded 49.0 MiB of 1433.3 MiB
2026-04-11T17:48:47.4460060Z 5%: Downloaded 75.0 MiB of 1433.3 MiB
2026-04-11T17:48:47.6960830Z 6%: Downloaded 99.1 MiB of 1433.3 MiB
2026-04-11T17:48:47.9460660Z 8%: Downloaded 120.0 MiB of 1433.3 MiB
2026-04-11T17:48:48.1963520Z 9%: Downloaded 140.5 MiB of 1433.3 MiB
2026-04-11T17:48:48.4461830Z 10%: Downloaded 157.3 MiB of 1433.3 MiB
2026-04-11T17:48:48.6963820Z 12%: Downloaded 174.4 MiB of 1433.3 MiB
2026-04-11T17:48:48.9461780Z 13%: Downloaded 190.1 MiB of 1433.3 MiB
2026-04-11T17:48:49.2049240Z 14%: Downloaded 207.8 MiB of 1433.3 MiB
2026-04-11T17:48:49.4510420Z 15%: Downloaded 227.7 MiB of 1433.3 MiB
2026-04-11T17:48:49.7084360Z 17%: Downloaded 249.5 MiB of 1433.3 MiB
2026-04-11T17:48:49.9548760Z 18%: Downloaded 272.1 MiB of 1433.3 MiB
2026-04-11T17:48:50.2050910Z 20%: Downloaded 294.4 MiB of 1433.3 MiB
2026-04-11T17:48:50.4470890Z 22%: Downloaded 317.8 MiB of 1433.3 MiB
2026-04-11T17:48:50.6971670Z 23%: Downloaded 342.3 MiB of 1433.3 MiB
2026-04-11T17:48:50.9474770Z 25%: Downloaded 369.5 MiB of 1433.3 MiB
2026-04-11T17:48:51.1978780Z 27%: Downloaded 395.9 MiB of 1433.3 MiB
2026-04-11T17:48:51.4497120Z 29%: Downloaded 416.6 MiB of 1433.3 MiB
2026-04-11T17:48:51.6984190Z 30%: Downloaded 434.5 MiB of 1433.3 MiB
2026-04-11T17:48:51.9486060Z 31%: Downloaded 458.4 MiB of 1433.3 MiB
2026-04-11T17:48:52.1986670Z 33%: Downloaded 481.1 MiB of 1433.3 MiB
2026-04-11T17:48:52.4486960Z 35%: Downloaded 505.2 MiB of 1433.3 MiB
2026-04-11T17:48:52.6989240Z 37%: Downloaded 530.7 MiB of 1433.3 MiB
2026-04-11T17:48:52.9492870Z 38%: Downloaded 555.9 MiB of 1433.3 MiB
2026-04-11T17:48:53.2015040Z 39%: Downloaded 572.2 MiB of 1433.3 MiB
2026-04-11T17:48:53.4493910Z 41%: Downloaded 593.0 MiB of 1433.3 MiB
2026-04-11T17:48:53.6989920Z 42%: Downloaded 616.3 MiB of 1433.3 MiB
2026-04-11T17:48:53.9507110Z 44%: Downloaded 639.4 MiB of 1433.3 MiB
2026-04-11T17:48:54.1994480Z 46%: Downloaded 660.5 MiB of 1433.3 MiB
2026-04-11T17:48:54.4512740Z 47%: Downloaded 687.4 MiB of 1433.3 MiB
2026-04-11T17:48:54.6997940Z 49%: Downloaded 703.8 MiB of 1433.3 MiB
2026-04-11T17:48:54.9502670Z 50%: Downloaded 725.3 MiB of 1433.3 MiB
2026-04-11T17:48:55.2006940Z 52%: Downloaded 749.2 MiB of 1433.3 MiB
2026-04-11T17:48:55.4504750Z 53%: Downloaded 767.7 MiB of 1433.3 MiB
2026-04-11T17:48:55.7005660Z 54%: Downloaded 785.2 MiB of 1433.3 MiB
2026-04-11T17:48:55.9524910Z 56%: Downloaded 812.6 MiB of 1433.3 MiB
2026-04-11T17:48:56.2010690Z 58%: Downloaded 834.2 MiB of 1433.3 MiB
2026-04-11T17:48:56.4516350Z 59%: Downloaded 857.7 MiB of 1433.3 MiB
2026-04-11T17:48:56.7012920Z 61%: Downloaded 877.0 MiB of 1433.3 MiB
2026-04-11T17:48:56.9537490Z 62%: Downloaded 901.4 MiB of 1433.3 MiB
2026-04-11T17:48:57.2039200Z 63%: Downloaded 916.4 MiB of 1433.3 MiB
2026-04-11T17:48:57.4560140Z 65%: Downloaded 945.6 MiB of 1433.3 MiB
2026-04-11T17:48:57.7062800Z 67%: Downloaded 970.3 MiB of 1433.3 MiB
2026-04-11T17:48:57.9562010Z 69%: Downloaded 990.0 MiB of 1433.3 MiB
2026-04-11T17:48:58.2061920Z 70%: Downloaded 1015.1 MiB of 1433.3 MiB
2026-04-11T17:48:58.4563480Z 72%: Downloaded 1039.3 MiB of 1433.3 MiB
2026-04-11T17:48:58.7062400Z 74%: Downloaded 1066.5 MiB of 1433.3 MiB
2026-04-11T17:48:58.9563880Z 76%: Downloaded 1090.3 MiB of 1433.3 MiB
2026-04-11T17:48:59.2063860Z 77%: Downloaded 1114.2 MiB of 1433.3 MiB
2026-04-11T17:48:59.4569560Z 79%: Downloaded 1135.6 MiB of 1433.3 MiB
2026-04-11T17:48:59.7066420Z 80%: Downloaded 1159.7 MiB of 1433.3 MiB
2026-04-11T17:48:59.9570760Z 82%: Downloaded 1179.0 MiB of 1433.3 MiB
2026-04-11T17:49:00.2071740Z 83%: Downloaded 1199.5 MiB of 1433.3 MiB
2026-04-11T17:49:00.4582230Z 85%: Downloaded 1224.6 MiB of 1433.3 MiB
2026-04-11T17:49:00.7069600Z 86%: Downloaded 1239.9 MiB of 1433.3 MiB
2026-04-11T17:49:00.9570210Z 88%: Downloaded 1261.8 MiB of 1433.3 MiB
2026-04-11T17:49:01.2077280Z 89%: Downloaded 1288.2 MiB of 1433.3 MiB
2026-04-11T17:49:01.4571330Z 91%: Downloaded 1312.2 MiB of 1433.3 MiB
2026-04-11T17:49:01.7071020Z 93%: Downloaded 1337.2 MiB of 1433.3 MiB
2026-04-11T17:49:01.9573100Z 94%: Downloaded 1356.3 MiB of 1433.3 MiB
2026-04-11T17:49:02.2072770Z 96%: Downloaded 1377.6 MiB of 1433.3 MiB
2026-04-11T17:49:02.4573220Z 97%: Downloaded 1399.5 MiB of 1433.3 MiB
2026-04-11T17:49:02.7074020Z 99%: Downloaded 1421.7 MiB of 1433.3 MiB
2026-04-11T17:49:02.8242600Z 100%: Downloaded 1433.3 MiB of 1433.3 MiB
2026-04-11T17:49:39.3874450Z Installing package in user home directory...
2026-04-11T17:49:39.3877110Z The file `/Users/runner/work/swift-terminal-ui/swift-terminal-ui/.swift-version` has been set to `Swift 6.3.0` (was 6.3.0)
2026-04-11T17:49:39.3882980Z The global default toolchain has been set to `Swift 6.3.0`
2026-04-11T17:49:39.3884280Z Swift 6.3.0 is installed successfully!
2026-04-11T17:49:39.6302560Z The file `/Users/runner/work/swift-terminal-ui/swift-terminal-ui/.swift-version` has been set to `Swift 6.3.0` (was 6.3.0)
2026-04-11T17:49:41.8999410Z Apple Swift version 6.3 (swift-6.3-RELEASE)
2026-04-11T17:49:41.8999930Z Target: arm64-apple-macosx26.0
2026-04-11T17:49:41.9230430Z ##[group]Run set -euo pipefail
2026-04-11T17:49:41.9230970Z [36;1mset -euo pipefail[0m
2026-04-11T17:49:41.9231260Z [36;1m~/.swiftly/bin/swiftly init --quiet-shell-followup[0m
2026-04-11T17:49:41.9231640Z [36;1m. "${SWIFTLY_HOME_DIR:-$HOME/.swiftly}/env.sh"[0m
2026-04-11T17:49:41.9231920Z [36;1mhash -r[0m
2026-04-11T17:49:41.9232110Z [36;1m[0m
2026-04-11T17:49:41.9232380Z [36;1mif ! swiftly run swift sdk list | grep -q "swift-6.3-RELEASE_wasm"; then[0m
2026-04-11T17:49:41.9232840Z [36;1m  swiftly run swift sdk install \[0m
2026-04-11T17:49:41.9233490Z [36;1m  https://download.swift.org/swift-6.3-release/wasm-sdk/swift-6.3-RELEASE/swift-6.3-RELEASE_wasm.artifactbundle.tar.gz \[0m
2026-04-11T17:49:41.9234130Z [36;1m  --checksum 9fa4016ee632c7e9e906608ec3b55cf13dfc4dff44e47574c5af58064dc33fd9[0m
2026-04-11T17:49:41.9234570Z [36;1mfi[0m
2026-04-11T17:49:41.9477130Z shell: /bin/bash --noprofile --norc -e -o pipefail {0}
2026-04-11T17:49:41.9477620Z env:
2026-04-11T17:49:41.9477930Z   MD_APPLE_SDK_ROOT: /Applications/Xcode_26.4.app
2026-04-11T17:49:41.9478180Z ##[endgroup]
2026-04-11T17:49:55.2150190Z Downloading a Swift SDK bundle archive from `https://download.swift.org/swift-6.3-release/wasm-sdk/swift-6.3-RELEASE/swift-6.3-RELEASE_wasm.artifactbundle.tar.gz`...
2026-04-11T17:49:55.2154590Z Downloading
2026-04-11T17:49:55.2156750Z 0%: Downloading swift-6.3-RELEASE_wasm.artifactbundle.tar.gz
2026-04-11T17:49:55.4695400Z 100%: Downloading swift-6.3-RELEASE_wasm.artifactbundle.tar.gz
2026-04-11T17:49:57.2005980Z Swift SDK bundle archive successfully downloaded from `https://download.swift.org/swift-6.3-release/wasm-sdk/swift-6.3-RELEASE/swift-6.3-RELEASE_wasm.artifactbundle.tar.gz`.
2026-04-11T17:49:57.2010050Z Verifying if checksum of the downloaded archive is valid...
2026-04-11T17:49:57.2056040Z Downloaded archive has a valid checksum.
2026-04-11T17:49:57.2057680Z Swift SDK bundle at `https://download.swift.org/swift-6.3-release/wasm-sdk/swift-6.3-RELEASE/swift-6.3-RELEASE_wasm.artifactbundle.tar.gz` is assumed to be an archive, unpacking...
2026-04-11T17:49:57.2058850Z Swift SDK bundle at `https://download.swift.org/swift-6.3-release/wasm-sdk/swift-6.3-RELEASE/swift-6.3-RELEASE_wasm.artifactbundle.tar.gz` successfully installed as swift-6.3-RELEASE_wasm.artifactbundle.
2026-04-11T17:49:57.2323690Z ##[group]Run set -euo pipefail
2026-04-11T17:49:57.2324950Z [36;1mset -euo pipefail[0m
2026-04-11T17:49:57.2325570Z [36;1m~/.swiftly/bin/swiftly init --quiet-shell-followup[0m
2026-04-11T17:49:57.2333350Z [36;1m. "${SWIFTLY_HOME_DIR:-$HOME/.swiftly}/env.sh"[0m
2026-04-11T17:49:57.2333630Z [36;1mhash -r[0m
2026-04-11T17:49:57.2334020Z [36;1m[0m
2026-04-11T17:49:57.2334220Z [36;1mecho "PATH=$PATH"[0m
2026-04-11T17:49:57.2334450Z [36;1muname -a[0m
2026-04-11T17:49:57.2334650Z [36;1msw_vers[0m
2026-04-11T17:49:57.2334870Z [36;1march[0m
2026-04-11T17:49:57.2335070Z [36;1mxcodebuild -version[0m
2026-04-11T17:49:57.2335240Z [36;1mecho "which bun: $(which bun)"[0m
2026-04-11T17:49:57.2336830Z [36;1mecho "which swiftly: $(which swiftly)"[0m
2026-04-11T17:49:57.2337570Z [36;1mecho "which swift: $(which swift)"[0m
2026-04-11T17:49:57.2338250Z [36;1mecho "which wasm-ld: $(which wasm-ld)"[0m
2026-04-11T17:49:57.2338910Z [36;1mbun --version[0m
2026-04-11T17:49:57.2339770Z [36;1mbun --revision[0m
2026-04-11T17:49:57.2340300Z [36;1m~/.swiftly/bin/swiftly --version[0m
2026-04-11T17:49:57.2340890Z [36;1mswiftly list[0m
2026-04-11T17:49:57.2341400Z [36;1mswiftly run swift --version[0m
2026-04-11T17:49:57.2342140Z [36;1mswiftly run swift sdk list[0m
2026-04-11T17:49:57.2342970Z [36;1mls -l "$HOME/.swiftly/bin/swift" "$HOME/.swiftly/bin/wasm-ld"[0m
2026-04-11T17:49:57.2344270Z [36;1mplutil -p "$HOME/Library/Developer/Toolchains/swift-6.3-RELEASE.xctoolchain/Info.plist" || true[0m
2026-04-11T17:49:57.2392710Z shell: /bin/bash --noprofile --norc -e -o pipefail {0}
2026-04-11T17:49:57.2393020Z env:
2026-04-11T17:49:57.2393320Z   MD_APPLE_SDK_ROOT: /Applications/Xcode_26.4.app
2026-04-11T17:49:57.2393580Z ##[endgroup]
2026-04-11T17:49:57.2795050Z PATH=/Users/runner/.swiftly/bin:/Users/runner/.bun/bin:/opt/homebrew/lib/ruby/gems/3.4.0/bin:/opt/homebrew/opt/ruby@3.4/bin:/Users/runner/.local/bin:/opt/homebrew/bin:/opt/homebrew/sbin:/Users/runner/.cargo/bin:/usr/local/opt/curl/bin:/usr/local/bin:/usr/local/sbin:/Users/runner/bin:/Users/runner/.yarn/bin:/Users/runner/Library/Android/sdk/tools:/Users/runner/Library/Android/sdk/platform-tools:/Library/Frameworks/Python.framework/Versions/Current/bin:/Library/Frameworks/Mono.framework/Versions/Current/Commands:/usr/bin:/bin:/usr/sbin:/sbin:/Users/runner/.dotnet/tools
2026-04-11T17:49:57.2822920Z Darwin sjc22-bm205-d4faf0de-cff6-4c61-a621-f6cd9ff1e30d-CA44C8724DF2.local 25.3.0 Darwin Kernel Version 25.3.0: Wed Jan 28 20:53:58 PST 2026; root:xnu-12377.81.4~5/RELEASE_ARM64_VMAPPLE arm64
2026-04-11T17:49:57.2940660Z ProductName:		macOS
2026-04-11T17:49:57.2941860Z ProductVersion:		26.3
2026-04-11T17:49:57.2942400Z BuildVersion:		25D125
2026-04-11T17:49:57.4178880Z arm64Xcode 26.4
2026-04-11T17:49:57.4180000Z Build version 17E192
2026-04-11T17:49:57.4227590Z which bun: /Users/runner/.bun/bin/bun
2026-04-11T17:49:57.4256730Z which swiftly: /Users/runner/.swiftly/bin/swiftly
2026-04-11T17:49:57.4289760Z which swift: /Users/runner/.swiftly/bin/swift
2026-04-11T17:49:57.4317410Z which wasm-ld: /Users/runner/.swiftly/bin/wasm-ld
2026-04-11T17:49:57.4400900Z 1.3.12
2026-04-11T17:49:57.4452420Z 1.3.12+700fc117a
2026-04-11T17:49:57.4620580Z 1.1.1
2026-04-11T17:49:57.5033210Z Installed release toolchains
2026-04-11T17:49:57.5035930Z ----------------------------
2026-04-11T17:49:57.5037780Z Swift 6.3.0 (in use) (default)
2026-04-11T17:49:57.5039090Z 
2026-04-11T17:49:57.5040050Z Installed snapshot toolchains
2026-04-11T17:49:57.5040730Z -----------------------------
2026-04-11T17:49:57.5041290Z 
2026-04-11T17:49:57.5041470Z Available system toolchains
2026-04-11T17:49:57.5042130Z ---------------------------
2026-04-11T17:49:57.5042800Z xcode
2026-04-11T17:49:57.8122760Z Apple Swift version 6.3 (swift-6.3-RELEASE)
2026-04-11T17:49:57.8123230Z Target: arm64-apple-macosx26.0
2026-04-11T17:49:58.0862880Z swift-6.3-RELEASE_wasm
2026-04-11T17:49:58.0863160Z swift-6.3-RELEASE_wasm-embedded
2026-04-11T17:49:58.0929510Z lrwxr-xr-x  1 runner  staff  34 Apr 11 17:49 /Users/runner/.swiftly/bin/swift -> /Users/runner/.swiftly/bin/swiftly
2026-04-11T17:49:58.0930470Z lrwxr-xr-x  1 runner  staff  34 Apr 11 17:49 /Users/runner/.swiftly/bin/wasm-ld -> /Users/runner/.swiftly/bin/swiftly
2026-04-11T17:49:58.1109120Z {
2026-04-11T17:49:58.1110170Z   "Aliases" => [
2026-04-11T17:49:58.1110640Z     0 => "swift"
2026-04-11T17:49:58.1111090Z   ]
2026-04-11T17:49:58.1112050Z   "CFBundleIdentifier" => "org.swift.630202603201a"
2026-04-11T17:49:58.1113120Z   "CompatibilityVersion" => 2
2026-04-11T17:49:58.1113890Z   "CreatedDate" => 2026-03-21 17:00:16 +0000
2026-04-11T17:49:58.1114710Z   "DisplayName" => "Swift 6.3 Release 2026-03-20 (a)"
2026-04-11T17:49:58.1115550Z   "OverrideBuildSettings" => {
2026-04-11T17:49:58.1116660Z     "OTHER_SWIFT_FLAGS" => "$(inherited) -plugin-path $(TOOLCHAIN_DIR)/usr/lib/swift/host/plugins"
2026-04-11T17:49:58.1117750Z     "SWIFT_DEVELOPMENT_TOOLCHAIN" => "YES"
2026-04-11T17:49:58.1118590Z     "SWIFT_USE_DEVELOPMENT_TOOLCHAIN_RUNTIME" => "YES"
2026-04-11T17:49:58.1119150Z   }
2026-04-11T17:49:58.1119490Z   "ReportProblemURL" => "https://bugs.swift.org/"
2026-04-11T17:49:58.1119800Z   "ShortDisplayName" => "Swift 6.3 Release"
2026-04-11T17:49:58.1120040Z   "Version" => "6.3.20260320101"
2026-04-11T17:49:58.1120250Z }
2026-04-11T17:49:58.1145860Z ##[group]Run set -euo pipefail
2026-04-11T17:49:58.1146080Z [36;1mset -euo pipefail[0m
2026-04-11T17:49:58.1146260Z [36;1mhash -r[0m
2026-04-11T17:49:58.1146420Z [36;1mbun install --frozen-lockfile[0m
2026-04-11T17:49:58.1178290Z shell: /bin/bash --noprofile --norc -e -o pipefail {0}
2026-04-11T17:49:58.1178540Z env:
2026-04-11T17:49:58.1178730Z   MD_APPLE_SDK_ROOT: /Applications/Xcode_26.4.app
2026-04-11T17:49:58.1178960Z ##[endgroup]
2026-04-11T17:49:58.1712800Z bun install v1.3.12 (700fc117)
2026-04-11T17:49:58.6589700Z 
2026-04-11T17:49:58.6590030Z 14 packages installed [511.00ms]
2026-04-11T17:49:58.6645060Z ##[group]Run set -euo pipefail
2026-04-11T17:49:58.6645290Z [36;1mset -euo pipefail[0m
2026-04-11T17:49:58.6645520Z [36;1m~/.swiftly/bin/swiftly init --quiet-shell-followup[0m
2026-04-11T17:49:58.6645860Z [36;1m. "${SWIFTLY_HOME_DIR:-$HOME/.swiftly}/env.sh"[0m
2026-04-11T17:49:58.6646110Z [36;1mhash -r[0m
2026-04-11T17:49:58.6646430Z [36;1mbun install --frozen-lockfile[0m
2026-04-11T17:49:58.6646640Z [36;1mbun run build[0m
2026-04-11T17:49:58.6713070Z shell: /bin/bash --noprofile --norc -e -o pipefail {0}
2026-04-11T17:49:58.6713330Z env:
2026-04-11T17:49:58.6713540Z   MD_APPLE_SDK_ROOT: /Applications/Xcode_26.4.app
2026-04-11T17:49:58.6713780Z ##[endgroup]
2026-04-11T17:49:58.7223670Z bun install v1.3.12 (700fc117)
2026-04-11T17:49:58.7236440Z 
2026-04-11T17:49:58.7237130Z Checked 11 installs across 10 packages (no changes) [2.00ms]
2026-04-11T17:49:58.7319640Z $ bun run build:terminal && bun build ./src/index.html --outdir=dist --sourcemap --target=browser --minify && bun build ./src/wasm-scene-worker.ts --outfile=dist/wasm-scene-worker.js --target=browser --format=esm --minify && bun run src/build-pages.ts
2026-04-11T17:49:58.7395920Z $ bun run src/build-terminal.ts
2026-04-11T17:51:27.4520550Z WASM_REQUIRED_FLAGS_CONFIRMED=true
2026-04-11T17:51:27.4523970Z WASM_REQUIRED_FLAGS=-Xswiftc -Osize -Xswiftc -Xfrontend -Xswiftc -disable-llvm-merge-functions-pass
2026-04-11T17:51:27.4526250Z WASM_REQUIRED_FLAGS_JSON=["-Xswiftc","-Osize","-Xswiftc","-Xfrontend","-Xswiftc","-disable-llvm-merge-functions-pass"]
2026-04-11T17:51:27.4530350Z WASM_BUILD_COMMAND=swiftly run swift build --package-path /Users/runner/work/swift-terminal-ui/swift-terminal-ui/Examples/WebExample/TerminalApp --swift-sdk swift-6.3-RELEASE_wasm -c release -Xswiftc -Osize -Xswiftc -Xfrontend -Xswiftc -disable-llvm-merge-functions-pass -Xlinker --initial-memory=536870912 -Xlinker --max-memory=4294967296 -Xlinker -z -Xlinker stack-size=1048576 --product WebExampleApp
2026-04-11T17:51:27.4537130Z WASM_BUILD_COMMAND_ARGS_JSON=["swiftly","run","swift","build","--package-path","/Users/runner/work/swift-terminal-ui/swift-terminal-ui/Examples/WebExample/TerminalApp","--swift-sdk","swift-6.3-RELEASE_wasm","-c","release","-Xswiftc","-Osize","-Xswiftc","-Xfrontend","-Xswiftc","-disable-llvm-merge-functions-pass","-Xlinker","--initial-memory=536870912","-Xlinker","--max-memory=4294967296","-Xlinker","-z","-Xlinker","stack-size=1048576","--product","WebExampleApp"]
2026-04-11T17:51:27.4560020Z WASM_SHOW_BIN_PATH_COMMAND=swiftly run swift build --package-path /Users/runner/work/swift-terminal-ui/swift-terminal-ui/Examples/WebExample/TerminalApp --swift-sdk swift-6.3-RELEASE_wasm -c release -Xswiftc -Osize -Xswiftc -Xfrontend -Xswiftc -disable-llvm-merge-functions-pass -Xlinker --initial-memory=536870912 -Xlinker --max-memory=4294967296 -Xlinker -z -Xlinker stack-size=1048576 --show-bin-path
2026-04-11T17:51:27.4563910Z WASM_SHOW_BIN_PATH_COMMAND_ARGS_JSON=["swiftly","run","swift","build","--package-path","/Users/runner/work/swift-terminal-ui/swift-terminal-ui/Examples/WebExample/TerminalApp","--swift-sdk","swift-6.3-RELEASE_wasm","-c","release","-Xswiftc","-Osize","-Xswiftc","-Xfrontend","-Xswiftc","-disable-llvm-merge-functions-pass","-Xlinker","--initial-memory=536870912","-Xlinker","--max-memory=4294967296","-Xlinker","-z","-Xlinker","stack-size=1048576","--show-bin-path"]
2026-04-11T17:51:27.4569560Z WASM_BUILD_CONFIGURATION {"packagePath":"/Users/runner/work/swift-terminal-ui/swift-terminal-ui/Examples/WebExample/TerminalApp","product":"WebExampleApp","swiftlyWorkingDirectory":"/Users/runner/work/swift-terminal-ui/swift-terminal-ui","requiredFlags":["-Xswiftc","-Osize","-Xswiftc","-Xfrontend","-Xswiftc","-disable-llvm-merge-functions-pass"],"buildCommand":"swiftly run swift build --package-path /Users/runner/work/swift-terminal-ui/swift-terminal-ui/Examples/WebExample/TerminalApp --swift-sdk swift-6.3-RELEASE_wasm -c release -Xswiftc -Osize -Xswiftc -Xfrontend -Xswiftc -disable-llvm-merge-functions-pass -Xlinker --initial-memory=536870912 -Xlinker --max-memory=4294967296 -Xlinker -z -Xlinker stack-size=1048576 --product WebExampleApp","showBinPathCommand":"swiftly run swift build --package-path /Users/runner/work/swift-terminal-ui/swift-terminal-ui/Examples/WebExample/TerminalApp --swift-sdk swift-6.3-RELEASE_wasm -c release -Xswiftc -Osize -Xswiftc -Xfrontend -Xswiftc -disable-llvm-merge-functions-pass -Xlinker --initial-memory=536870912 -Xlinker --max-memory=4294967296 -Xlinker -z -Xlinker stack-size=1048576 --show-bin-path"}
2026-04-11T17:53:45.5676020Z 68 |   try {
2026-04-11T17:53:45.5684550Z 69 |     // Validate against the same JS API the browser uses before we publish it.
2026-04-11T17:53:45.5685480Z 70 |     await WebAssembly.compile(bytes);
2026-04-11T17:53:45.5686220Z 71 |   } catch (error) {
2026-04-11T17:53:45.5687490Z 72 |     const message = error instanceof Error ? error.message : String(error);
2026-04-11T17:53:45.5688690Z 73 |     throw new Error([
2026-04-11T17:53:45.5688910Z                    ^
2026-04-11T17:53:45.5692970Z error: generated wasm does not parse in browser WebAssembly (/Users/runner/work/swift-terminal-ui/swift-terminal-ui/Examples/WebExample/TerminalApp/dist/assets/app.wasm): WebAssembly.Module doesn't parse at byte 3708: argument count of Type at index 188 is too big 1187 maximum 1000
2026-04-11T17:53:45.5696030Z wasm diagnostics: size=37993762 bytes, sha256=8e94bce62c72ef0f0a1905b7de04c46a2f33b0ea2691a60a9cfd92c6b1204418, typeCount=384, maxTypeParameterCount=1187, maxTypeParameterTypeIndex=188, overBrowserLimitTypes=188, largestTypes=188:1187;145:545;189:503;220:388;167:381
2026-04-11T17:53:45.5697320Z       at validateBrowserWasm (/Users/runner/work/swift-terminal-ui/swift-terminal-ui/GUI/WebTUIGUI/src/build/buildAppWasm.ts:73:15)
2026-04-11T17:53:45.5698100Z       at async packageBrowserValidatedWasm (/Users/runner/work/swift-terminal-ui/swift-terminal-ui/GUI/WebTUIGUI/src/build/buildAppWasm.ts:43:9)
2026-04-11T17:53:45.5699180Z       at async buildAppWasm (/Users/runner/work/swift-terminal-ui/swift-terminal-ui/GUI/WebTUIGUI/src/build/buildAppWasm.ts:24:9)
2026-04-11T17:53:45.5699580Z 
2026-04-11T17:53:45.5699690Z Bun v1.3.12 (macOS arm64)
2026-04-11T17:53:45.5803200Z error: script "build:terminal" exited with code 1
2026-04-11T17:53:45.5817630Z error: script "build" exited with code 1
2026-04-11T17:53:45.5883580Z ##[error]Process completed with exit code 1.
2026-04-11T17:53:45.6216630Z Post job cleanup.
2026-04-11T17:53:46.2356710Z [command]/opt/homebrew/bin/git version
2026-04-11T17:53:46.3241670Z git version 2.53.0
2026-04-11T17:53:46.3328380Z Copying '/Users/runner/.gitconfig' to '/Users/runner/work/_temp/088a551d-8ca4-4436-93f9-e165f311ed84/.gitconfig'
2026-04-11T17:53:46.3346130Z Temporarily overriding HOME='/Users/runner/work/_temp/088a551d-8ca4-4436-93f9-e165f311ed84' before making global git config changes
2026-04-11T17:53:46.3347190Z Adding repository directory to the temporary git global config as a safe directory
2026-04-11T17:53:46.3357650Z [command]/opt/homebrew/bin/git config --global --add safe.directory /Users/runner/work/swift-terminal-ui/swift-terminal-ui
2026-04-11T17:53:46.5859950Z [command]/opt/homebrew/bin/git config --local --name-only --get-regexp core\.sshCommand
2026-04-11T17:53:46.6108850Z [command]/opt/homebrew/bin/git submodule foreach --recursive sh -c "git config --local --name-only --get-regexp 'core\.sshCommand' && git config --local --unset-all 'core.sshCommand' || :"
2026-04-11T17:53:47.0087570Z [command]/opt/homebrew/bin/git config --local --name-only --get-regexp http\.https\:\/\/github\.com\/\.extraheader
2026-04-11T17:53:47.0338170Z http.https://github.com/.extraheader
2026-04-11T17:53:47.0387570Z [command]/opt/homebrew/bin/git config --local --unset-all http.https://github.com/.extraheader
2026-04-11T17:53:47.0520230Z [command]/opt/homebrew/bin/git submodule foreach --recursive sh -c "git config --local --name-only --get-regexp 'http\.https\:\/\/github\.com\/\.extraheader' && git config --local --unset-all 'http.https://github.com/.extraheader' || :"
2026-04-11T17:53:47.1812460Z [command]/opt/homebrew/bin/git config --local --name-only --get-regexp ^includeIf\.gitdir:
2026-04-11T17:53:47.1912790Z [command]/opt/homebrew/bin/git submodule foreach --recursive git config --local --show-origin --name-only --get-regexp remote.origin.url
2026-04-11T17:53:47.3374550Z Cleaning up orphan processes
2026-04-11T17:53:47.7766090Z ##[warning]Node.js 20 actions are deprecated. The following actions are running on Node.js 20 and may not work as expected: actions/cache@v4, actions/checkout@v4. Actions will be forced to run with Node.js 24 by default starting June 2nd, 2026. Node.js 20 will be removed from the runner on September 16th, 2026. Please check if updated versions of these actions are available that support Node.js 24. To opt into Node.js 24 now, set the FORCE_JAVASCRIPT_ACTIONS_TO_NODE24=true environment variable on the runner or in your workflow file. Once Node.js 24 becomes the default, you can temporarily opt out by setting ACTIONS_ALLOW_USE_UNSECURE_NODE_VERSION=true. For more information see: https://github.blog/changelog/2025-09-19-deprecation-of-node-20-on-github-actions-runners/